<?xml version="1.0" encoding="UTF-8"?>
<!-- Generated by org.testng.reporters.JUnitXMLReporter -->
<testsuite hostname="r2d2s-MacBook-Pro.local" ignored="0" name="Free CRM App Test Cases" tests="23" failures="4" timestamp="27 Apr 2018 11:50:08 GMT" time="397.381" errors="0">
  <testcase name="loginBackendTestTitle" time="0.042" classname="com.automation.testcases.LoginBackendTest"/>
  <testcase name="verifyAdminPageTitle" time="0.011" classname="com.automation.testcases.AdminPageTest"/>
  <testcase name="selectAllPostsTest" time="0.087" classname="com.automation.testcases.PostsPageTest"/>
  <testcase name="validateAddNewMedia" time="0.173" classname="com.automation.testcases.AddNewMediaTest"/>
  <testcase name="validateAddNewMedia" time="0.238" classname="com.automation.testcases.AddNewMediaTest"/>
  <testcase name="validateAddNewMedia" time="0.178" classname="com.automation.testcases.AddNewMediaTest"/>
  <testcase name="validateAddNewMedia" time="0.231" classname="com.automation.testcases.AddNewMediaTest"/>
  <testcase name="validateAddNewPost" time="28.802" classname="com.automation.testcases.AddNewPostTest"/>
  <testcase name="validateAddNewPost" time="28.597" classname="com.automation.testcases.AddNewPostTest"/>
  <testcase name="validateAddNewPost" time="29.009" classname="com.automation.testcases.AddNewPostTest"/>
  <testcase name="validateRemoveMedia" time="10.252" classname="com.automation.testcases.RemoveMediaTest">
    <failure type="org.openqa.selenium.NoSuchElementException" message="no such element: Unable to locate element: {&amp;quot;method&amp;quot;:&amp;quot;xpath&amp;quot;,&amp;quot;selector&amp;quot;:&amp;quot;//li[@aria-label=&amp;apos;cat1&amp;apos;]//parent::div//preceding-sibling::div&amp;quot;}
  (Session info: chrome=65.0.3325.181)
  (Driver info: chromedriver=2.37.544337 (8c0344a12e552148c185f7d5117db1f28d6c9e85),platform=Mac OS X 10.13.4 x86_64) (WARNING: The server did not provide any stacktrace information)
Command duration or timeout: 0 milliseconds
For documentation on this error, please visit: http://seleniumhq.org/exceptions/no_such_element.html
Build info: version: &amp;apos;3.5.3&amp;apos;, revision: &amp;apos;a88d25fe6b&amp;apos;, time: &amp;apos;2017-08-29T12:42:44.417Z&amp;apos;
System info: host: &amp;apos;r2d2s-MacBook-Pro.local&amp;apos;, ip: &amp;apos;192.168.1.82&amp;apos;, os.name: &amp;apos;Mac OS X&amp;apos;, os.arch: &amp;apos;x86_64&amp;apos;, os.version: &amp;apos;10.13.4&amp;apos;, java.version: &amp;apos;1.8.0_151&amp;apos;
Driver info: org.openqa.selenium.chrome.ChromeDriver
Capabilities [{mobileEmulationEnabled=false, hasTouchScreen=false, platform=MAC, acceptSslCerts=false, acceptInsecureCerts=false, webStorageEnabled=true, browserName=chrome, takesScreenshot=true, javascriptEnabled=true, platformName=MAC, setWindowRect=true, unexpectedAlertBehaviour=, applicationCacheEnabled=false, rotatable=false, networkConnectionEnabled=false, chrome={chromedriverVersion=2.37.544337 (8c0344a12e552148c185f7d5117db1f28d6c9e85), userDataDir=/var/folders/zh/85y8wq812lj64x0jsvpf2z4w0000gn/T/.org.chromium.Chromium.aDCTp4}, takesHeapSnapshot=true, pageLoadStrategy=normal, unhandledPromptBehavior=, databaseEnabled=false, handlesAlerts=true, version=65.0.3325.181, browserConnectionEnabled=false, nativeEvents=true, locationContextEnabled=true, cssSelectorsEnabled=true}]
Session ID: 2502cb398185bdc0a5c30c9c9aefd348
*** Element info: {Using=xpath, value=//li[@aria-label=&amp;apos;cat1&amp;apos;]//parent::div//preceding-sibling::div}">
      <![CDATA[org.openqa.selenium.NoSuchElementException: no such element: Unable to locate element: {"method":"xpath","selector":"//li[@aria-label='cat1']//parent::div//preceding-sibling::div"}
  (Session info: chrome=65.0.3325.181)
  (Driver info: chromedriver=2.37.544337 (8c0344a12e552148c185f7d5117db1f28d6c9e85),platform=Mac OS X 10.13.4 x86_64) (WARNING: The server did not provide any stacktrace information)
Command duration or timeout: 0 milliseconds
For documentation on this error, please visit: http://seleniumhq.org/exceptions/no_such_element.html
Build info: version: '3.5.3', revision: 'a88d25fe6b', time: '2017-08-29T12:42:44.417Z'
System info: host: 'r2d2s-MacBook-Pro.local', ip: '192.168.1.82', os.name: 'Mac OS X', os.arch: 'x86_64', os.version: '10.13.4', java.version: '1.8.0_151'
Driver info: org.openqa.selenium.chrome.ChromeDriver
Capabilities [{mobileEmulationEnabled=false, hasTouchScreen=false, platform=MAC, acceptSslCerts=false, acceptInsecureCerts=false, webStorageEnabled=true, browserName=chrome, takesScreenshot=true, javascriptEnabled=true, platformName=MAC, setWindowRect=true, unexpectedAlertBehaviour=, applicationCacheEnabled=false, rotatable=false, networkConnectionEnabled=false, chrome={chromedriverVersion=2.37.544337 (8c0344a12e552148c185f7d5117db1f28d6c9e85), userDataDir=/var/folders/zh/85y8wq812lj64x0jsvpf2z4w0000gn/T/.org.chromium.Chromium.aDCTp4}, takesHeapSnapshot=true, pageLoadStrategy=normal, unhandledPromptBehavior=, databaseEnabled=false, handlesAlerts=true, version=65.0.3325.181, browserConnectionEnabled=false, nativeEvents=true, locationContextEnabled=true, cssSelectorsEnabled=true}]
Session ID: 2502cb398185bdc0a5c30c9c9aefd348
*** Element info: {Using=xpath, value=//li[@aria-label='cat1']//parent::div//preceding-sibling::div}
	at org.openqa.selenium.remote.ErrorHandler.createThrowable(ErrorHandler.java:215)
	at org.openqa.selenium.remote.ErrorHandler.throwIfResponseFailed(ErrorHandler.java:167)
	at org.openqa.selenium.remote.http.JsonHttpResponseCodec.reconstructValue(JsonHttpResponseCodec.java:40)
	at org.openqa.selenium.remote.http.AbstractHttpResponseCodec.decode(AbstractHttpResponseCodec.java:82)
	at org.openqa.selenium.remote.http.AbstractHttpResponseCodec.decode(AbstractHttpResponseCodec.java:45)
	at org.openqa.selenium.remote.HttpCommandExecutor.execute(HttpCommandExecutor.java:164)
	at org.openqa.selenium.remote.service.DriverCommandExecutor.execute(DriverCommandExecutor.java:82)
	at org.openqa.selenium.remote.RemoteWebDriver.execute(RemoteWebDriver.java:646)
	at org.openqa.selenium.remote.RemoteWebDriver.findElement(RemoteWebDriver.java:416)
	at org.openqa.selenium.remote.RemoteWebDriver.findElementByXPath(RemoteWebDriver.java:518)
	at org.openqa.selenium.By$ByXPath.findElement(By.java:361)
	at org.openqa.selenium.remote.RemoteWebDriver.findElement(RemoteWebDriver.java:408)
	at com.automation.pages.RemoveMediaPage.imageThumbnailSelected(RemoveMediaPage.java:23)
	at com.automation.testcases.RemoveMediaTest.validateRemoveMedia(RemoveMediaTest.java:53)
... Removed 29 stack frames]]>
    </failure>
  </testcase> <!-- validateRemoveMedia -->
  <testcase name="validateRemoveMedia" time="5.449" classname="com.automation.testcases.RemoveMediaTest"/>
  <testcase name="validateRemoveMedia" time="5.09" classname="com.automation.testcases.RemoveMediaTest"/>
  <testcase name="validateRemoveMedia" time="10.062" classname="com.automation.testcases.RemoveMediaTest">
    <failure type="org.openqa.selenium.NoSuchElementException" message="no such element: Unable to locate element: {&amp;quot;method&amp;quot;:&amp;quot;xpath&amp;quot;,&amp;quot;selector&amp;quot;:&amp;quot;//li[@aria-label=&amp;apos;cat4&amp;apos;]//parent::div//preceding-sibling::div&amp;quot;}
  (Session info: chrome=65.0.3325.181)
  (Driver info: chromedriver=2.37.544337 (8c0344a12e552148c185f7d5117db1f28d6c9e85),platform=Mac OS X 10.13.4 x86_64) (WARNING: The server did not provide any stacktrace information)
Command duration or timeout: 0 milliseconds
For documentation on this error, please visit: http://seleniumhq.org/exceptions/no_such_element.html
Build info: version: &amp;apos;3.5.3&amp;apos;, revision: &amp;apos;a88d25fe6b&amp;apos;, time: &amp;apos;2017-08-29T12:42:44.417Z&amp;apos;
System info: host: &amp;apos;r2d2s-MacBook-Pro.local&amp;apos;, ip: &amp;apos;192.168.1.82&amp;apos;, os.name: &amp;apos;Mac OS X&amp;apos;, os.arch: &amp;apos;x86_64&amp;apos;, os.version: &amp;apos;10.13.4&amp;apos;, java.version: &amp;apos;1.8.0_151&amp;apos;
Driver info: org.openqa.selenium.chrome.ChromeDriver
Capabilities [{mobileEmulationEnabled=false, hasTouchScreen=false, platform=MAC, acceptSslCerts=false, acceptInsecureCerts=false, webStorageEnabled=true, browserName=chrome, takesScreenshot=true, javascriptEnabled=true, platformName=MAC, setWindowRect=true, unexpectedAlertBehaviour=, applicationCacheEnabled=false, rotatable=false, networkConnectionEnabled=false, chrome={chromedriverVersion=2.37.544337 (8c0344a12e552148c185f7d5117db1f28d6c9e85), userDataDir=/var/folders/zh/85y8wq812lj64x0jsvpf2z4w0000gn/T/.org.chromium.Chromium.HbjKOo}, takesHeapSnapshot=true, pageLoadStrategy=normal, unhandledPromptBehavior=, databaseEnabled=false, handlesAlerts=true, version=65.0.3325.181, browserConnectionEnabled=false, nativeEvents=true, locationContextEnabled=true, cssSelectorsEnabled=true}]
Session ID: 5cef2e53feaa38a6a2ab90c45dfc072f
*** Element info: {Using=xpath, value=//li[@aria-label=&amp;apos;cat4&amp;apos;]//parent::div//preceding-sibling::div}">
      <![CDATA[org.openqa.selenium.NoSuchElementException: no such element: Unable to locate element: {"method":"xpath","selector":"//li[@aria-label='cat4']//parent::div//preceding-sibling::div"}
  (Session info: chrome=65.0.3325.181)
  (Driver info: chromedriver=2.37.544337 (8c0344a12e552148c185f7d5117db1f28d6c9e85),platform=Mac OS X 10.13.4 x86_64) (WARNING: The server did not provide any stacktrace information)
Command duration or timeout: 0 milliseconds
For documentation on this error, please visit: http://seleniumhq.org/exceptions/no_such_element.html
Build info: version: '3.5.3', revision: 'a88d25fe6b', time: '2017-08-29T12:42:44.417Z'
System info: host: 'r2d2s-MacBook-Pro.local', ip: '192.168.1.82', os.name: 'Mac OS X', os.arch: 'x86_64', os.version: '10.13.4', java.version: '1.8.0_151'
Driver info: org.openqa.selenium.chrome.ChromeDriver
Capabilities [{mobileEmulationEnabled=false, hasTouchScreen=false, platform=MAC, acceptSslCerts=false, acceptInsecureCerts=false, webStorageEnabled=true, browserName=chrome, takesScreenshot=true, javascriptEnabled=true, platformName=MAC, setWindowRect=true, unexpectedAlertBehaviour=, applicationCacheEnabled=false, rotatable=false, networkConnectionEnabled=false, chrome={chromedriverVersion=2.37.544337 (8c0344a12e552148c185f7d5117db1f28d6c9e85), userDataDir=/var/folders/zh/85y8wq812lj64x0jsvpf2z4w0000gn/T/.org.chromium.Chromium.HbjKOo}, takesHeapSnapshot=true, pageLoadStrategy=normal, unhandledPromptBehavior=, databaseEnabled=false, handlesAlerts=true, version=65.0.3325.181, browserConnectionEnabled=false, nativeEvents=true, locationContextEnabled=true, cssSelectorsEnabled=true}]
Session ID: 5cef2e53feaa38a6a2ab90c45dfc072f
*** Element info: {Using=xpath, value=//li[@aria-label='cat4']//parent::div//preceding-sibling::div}
	at org.openqa.selenium.remote.ErrorHandler.createThrowable(ErrorHandler.java:215)
	at org.openqa.selenium.remote.ErrorHandler.throwIfResponseFailed(ErrorHandler.java:167)
	at org.openqa.selenium.remote.http.JsonHttpResponseCodec.reconstructValue(JsonHttpResponseCodec.java:40)
	at org.openqa.selenium.remote.http.AbstractHttpResponseCodec.decode(AbstractHttpResponseCodec.java:82)
	at org.openqa.selenium.remote.http.AbstractHttpResponseCodec.decode(AbstractHttpResponseCodec.java:45)
	at org.openqa.selenium.remote.HttpCommandExecutor.execute(HttpCommandExecutor.java:164)
	at org.openqa.selenium.remote.service.DriverCommandExecutor.execute(DriverCommandExecutor.java:82)
	at org.openqa.selenium.remote.RemoteWebDriver.execute(RemoteWebDriver.java:646)
	at org.openqa.selenium.remote.RemoteWebDriver.findElement(RemoteWebDriver.java:416)
	at org.openqa.selenium.remote.RemoteWebDriver.findElementByXPath(RemoteWebDriver.java:518)
	at org.openqa.selenium.By$ByXPath.findElement(By.java:361)
	at org.openqa.selenium.remote.RemoteWebDriver.findElement(RemoteWebDriver.java:408)
	at com.automation.pages.RemoveMediaPage.imageThumbnailSelected(RemoveMediaPage.java:23)
	at com.automation.testcases.RemoveMediaTest.validateRemoveMedia(RemoveMediaTest.java:53)
... Removed 29 stack frames]]>
    </failure>
  </testcase> <!-- validateRemoveMedia -->
  <testcase name="moveToTrashPostsTest" time="5.145" classname="com.automation.testcases.MoveToTrashPostsTest"/>
  <testcase name="emptyTrashPosts" time="7.928" classname="com.automation.testcases.EmptyTrashPostsTest"/>
  <testcase name="wordpressLogoTest" time="0.052" classname="com.automation.testcases.LoginBackendTest"/>
  <testcase name="verifyUserNameTest" time="0.045" classname="com.automation.testcases.AdminPageTest"/>
  <testcase name="verfifyPostsPageTitle" time="0.036" classname="com.automation.testcases.PostsPageTest"/>
  <testcase name="loginTest" time="3.811" classname="com.automation.testcases.LoginBackendTest"/>
  <testcase name="verifyContactsLinkTest" time="0.955" classname="com.automation.testcases.AdminPageTest"/>
  <testcase name="selectPostsTest" time="10.059" classname="com.automation.testcases.PostsPageTest">
    <failure type="org.openqa.selenium.NoSuchElementException" message="no such element: Unable to locate element: {&amp;quot;method&amp;quot;:&amp;quot;xpath&amp;quot;,&amp;quot;selector&amp;quot;:&amp;quot;//a[contains(@class, &amp;apos;row-title&amp;apos;)][contains(text(), &amp;apos;Post 1&amp;apos;)]//parent::strong//parent::td//preceding-sibling::th//input&amp;quot;}
  (Session info: chrome=65.0.3325.181)
  (Driver info: chromedriver=2.37.544337 (8c0344a12e552148c185f7d5117db1f28d6c9e85),platform=Mac OS X 10.13.4 x86_64) (WARNING: The server did not provide any stacktrace information)
Command duration or timeout: 0 milliseconds
For documentation on this error, please visit: http://seleniumhq.org/exceptions/no_such_element.html
Build info: version: &amp;apos;3.5.3&amp;apos;, revision: &amp;apos;a88d25fe6b&amp;apos;, time: &amp;apos;2017-08-29T12:42:44.417Z&amp;apos;
System info: host: &amp;apos;r2d2s-MacBook-Pro.local&amp;apos;, ip: &amp;apos;192.168.1.82&amp;apos;, os.name: &amp;apos;Mac OS X&amp;apos;, os.arch: &amp;apos;x86_64&amp;apos;, os.version: &amp;apos;10.13.4&amp;apos;, java.version: &amp;apos;1.8.0_151&amp;apos;
Driver info: org.openqa.selenium.chrome.ChromeDriver
Capabilities [{mobileEmulationEnabled=false, hasTouchScreen=false, platform=MAC, acceptSslCerts=false, acceptInsecureCerts=false, webStorageEnabled=true, browserName=chrome, takesScreenshot=true, javascriptEnabled=true, platformName=MAC, setWindowRect=true, unexpectedAlertBehaviour=, applicationCacheEnabled=false, rotatable=false, networkConnectionEnabled=false, chrome={chromedriverVersion=2.37.544337 (8c0344a12e552148c185f7d5117db1f28d6c9e85), userDataDir=/var/folders/zh/85y8wq812lj64x0jsvpf2z4w0000gn/T/.org.chromium.Chromium.ngiSno}, takesHeapSnapshot=true, pageLoadStrategy=normal, unhandledPromptBehavior=, databaseEnabled=false, handlesAlerts=true, version=65.0.3325.181, browserConnectionEnabled=false, nativeEvents=true, locationContextEnabled=true, cssSelectorsEnabled=true}]
Session ID: 7b23384edb6262a5a24ed1e2d65cd95d
*** Element info: {Using=xpath, value=//a[contains(@class, &amp;apos;row-title&amp;apos;)][contains(text(), &amp;apos;Post 1&amp;apos;)]//parent::strong//parent::td//preceding-sibling::th//input}">
      <![CDATA[org.openqa.selenium.NoSuchElementException: no such element: Unable to locate element: {"method":"xpath","selector":"//a[contains(@class, 'row-title')][contains(text(), 'Post 1')]//parent::strong//parent::td//preceding-sibling::th//input"}
  (Session info: chrome=65.0.3325.181)
  (Driver info: chromedriver=2.37.544337 (8c0344a12e552148c185f7d5117db1f28d6c9e85),platform=Mac OS X 10.13.4 x86_64) (WARNING: The server did not provide any stacktrace information)
Command duration or timeout: 0 milliseconds
For documentation on this error, please visit: http://seleniumhq.org/exceptions/no_such_element.html
Build info: version: '3.5.3', revision: 'a88d25fe6b', time: '2017-08-29T12:42:44.417Z'
System info: host: 'r2d2s-MacBook-Pro.local', ip: '192.168.1.82', os.name: 'Mac OS X', os.arch: 'x86_64', os.version: '10.13.4', java.version: '1.8.0_151'
Driver info: org.openqa.selenium.chrome.ChromeDriver
Capabilities [{mobileEmulationEnabled=false, hasTouchScreen=false, platform=MAC, acceptSslCerts=false, acceptInsecureCerts=false, webStorageEnabled=true, browserName=chrome, takesScreenshot=true, javascriptEnabled=true, platformName=MAC, setWindowRect=true, unexpectedAlertBehaviour=, applicationCacheEnabled=false, rotatable=false, networkConnectionEnabled=false, chrome={chromedriverVersion=2.37.544337 (8c0344a12e552148c185f7d5117db1f28d6c9e85), userDataDir=/var/folders/zh/85y8wq812lj64x0jsvpf2z4w0000gn/T/.org.chromium.Chromium.ngiSno}, takesHeapSnapshot=true, pageLoadStrategy=normal, unhandledPromptBehavior=, databaseEnabled=false, handlesAlerts=true, version=65.0.3325.181, browserConnectionEnabled=false, nativeEvents=true, locationContextEnabled=true, cssSelectorsEnabled=true}]
Session ID: 7b23384edb6262a5a24ed1e2d65cd95d
*** Element info: {Using=xpath, value=//a[contains(@class, 'row-title')][contains(text(), 'Post 1')]//parent::strong//parent::td//preceding-sibling::th//input}
	at org.openqa.selenium.remote.ErrorHandler.createThrowable(ErrorHandler.java:215)
	at org.openqa.selenium.remote.ErrorHandler.throwIfResponseFailed(ErrorHandler.java:167)
	at org.openqa.selenium.remote.http.JsonHttpResponseCodec.reconstructValue(JsonHttpResponseCodec.java:40)
	at org.openqa.selenium.remote.http.AbstractHttpResponseCodec.decode(AbstractHttpResponseCodec.java:82)
	at org.openqa.selenium.remote.http.AbstractHttpResponseCodec.decode(AbstractHttpResponseCodec.java:45)
	at org.openqa.selenium.remote.HttpCommandExecutor.execute(HttpCommandExecutor.java:164)
	at org.openqa.selenium.remote.service.DriverCommandExecutor.execute(DriverCommandExecutor.java:82)
	at org.openqa.selenium.remote.RemoteWebDriver.execute(RemoteWebDriver.java:646)
	at org.openqa.selenium.remote.RemoteWebDriver.findElement(RemoteWebDriver.java:416)
	at org.openqa.selenium.remote.RemoteWebDriver.findElementByXPath(RemoteWebDriver.java:518)
	at org.openqa.selenium.By$ByXPath.findElement(By.java:361)
	at org.openqa.selenium.remote.RemoteWebDriver.findElement(RemoteWebDriver.java:408)
	at com.automation.pages.PostsPage.selectPostsByTitle(PostsPage.java:56)
	at com.automation.testcases.PostsPageTest.selectPostsTest(PostsPageTest.java:57)
... Removed 29 stack frames]]>
    </failure>
  </testcase> <!-- selectPostsTest -->
  <testcase name="selectMultiplePostsTest" time="10.042" classname="com.automation.testcases.PostsPageTest">
    <failure type="org.openqa.selenium.NoSuchElementException" message="no such element: Unable to locate element: {&amp;quot;method&amp;quot;:&amp;quot;xpath&amp;quot;,&amp;quot;selector&amp;quot;:&amp;quot;//a[contains(@class, &amp;apos;row-title&amp;apos;)][contains(text(), &amp;apos;Post 1&amp;apos;)]//parent::strong//parent::td//preceding-sibling::th//input&amp;quot;}
  (Session info: chrome=65.0.3325.181)
  (Driver info: chromedriver=2.37.544337 (8c0344a12e552148c185f7d5117db1f28d6c9e85),platform=Mac OS X 10.13.4 x86_64) (WARNING: The server did not provide any stacktrace information)
Command duration or timeout: 0 milliseconds
For documentation on this error, please visit: http://seleniumhq.org/exceptions/no_such_element.html
Build info: version: &amp;apos;3.5.3&amp;apos;, revision: &amp;apos;a88d25fe6b&amp;apos;, time: &amp;apos;2017-08-29T12:42:44.417Z&amp;apos;
System info: host: &amp;apos;r2d2s-MacBook-Pro.local&amp;apos;, ip: &amp;apos;192.168.1.82&amp;apos;, os.name: &amp;apos;Mac OS X&amp;apos;, os.arch: &amp;apos;x86_64&amp;apos;, os.version: &amp;apos;10.13.4&amp;apos;, java.version: &amp;apos;1.8.0_151&amp;apos;
Driver info: org.openqa.selenium.chrome.ChromeDriver
Capabilities [{mobileEmulationEnabled=false, hasTouchScreen=false, platform=MAC, acceptSslCerts=false, acceptInsecureCerts=false, webStorageEnabled=true, browserName=chrome, takesScreenshot=true, javascriptEnabled=true, platformName=MAC, setWindowRect=true, unexpectedAlertBehaviour=, applicationCacheEnabled=false, rotatable=false, networkConnectionEnabled=false, chrome={chromedriverVersion=2.37.544337 (8c0344a12e552148c185f7d5117db1f28d6c9e85), userDataDir=/var/folders/zh/85y8wq812lj64x0jsvpf2z4w0000gn/T/.org.chromium.Chromium.J6pHnd}, takesHeapSnapshot=true, pageLoadStrategy=normal, unhandledPromptBehavior=, databaseEnabled=false, handlesAlerts=true, version=65.0.3325.181, browserConnectionEnabled=false, nativeEvents=true, locationContextEnabled=true, cssSelectorsEnabled=true}]
Session ID: b0d81bd1b7eecbe40f53ed899a5379fe
*** Element info: {Using=xpath, value=//a[contains(@class, &amp;apos;row-title&amp;apos;)][contains(text(), &amp;apos;Post 1&amp;apos;)]//parent::strong//parent::td//preceding-sibling::th//input}">
      <![CDATA[org.openqa.selenium.NoSuchElementException: no such element: Unable to locate element: {"method":"xpath","selector":"//a[contains(@class, 'row-title')][contains(text(), 'Post 1')]//parent::strong//parent::td//preceding-sibling::th//input"}
  (Session info: chrome=65.0.3325.181)
  (Driver info: chromedriver=2.37.544337 (8c0344a12e552148c185f7d5117db1f28d6c9e85),platform=Mac OS X 10.13.4 x86_64) (WARNING: The server did not provide any stacktrace information)
Command duration or timeout: 0 milliseconds
For documentation on this error, please visit: http://seleniumhq.org/exceptions/no_such_element.html
Build info: version: '3.5.3', revision: 'a88d25fe6b', time: '2017-08-29T12:42:44.417Z'
System info: host: 'r2d2s-MacBook-Pro.local', ip: '192.168.1.82', os.name: 'Mac OS X', os.arch: 'x86_64', os.version: '10.13.4', java.version: '1.8.0_151'
Driver info: org.openqa.selenium.chrome.ChromeDriver
Capabilities [{mobileEmulationEnabled=false, hasTouchScreen=false, platform=MAC, acceptSslCerts=false, acceptInsecureCerts=false, webStorageEnabled=true, browserName=chrome, takesScreenshot=true, javascriptEnabled=true, platformName=MAC, setWindowRect=true, unexpectedAlertBehaviour=, applicationCacheEnabled=false, rotatable=false, networkConnectionEnabled=false, chrome={chromedriverVersion=2.37.544337 (8c0344a12e552148c185f7d5117db1f28d6c9e85), userDataDir=/var/folders/zh/85y8wq812lj64x0jsvpf2z4w0000gn/T/.org.chromium.Chromium.J6pHnd}, takesHeapSnapshot=true, pageLoadStrategy=normal, unhandledPromptBehavior=, databaseEnabled=false, handlesAlerts=true, version=65.0.3325.181, browserConnectionEnabled=false, nativeEvents=true, locationContextEnabled=true, cssSelectorsEnabled=true}]
Session ID: b0d81bd1b7eecbe40f53ed899a5379fe
*** Element info: {Using=xpath, value=//a[contains(@class, 'row-title')][contains(text(), 'Post 1')]//parent::strong//parent::td//preceding-sibling::th//input}
	at org.openqa.selenium.remote.ErrorHandler.createThrowable(ErrorHandler.java:215)
	at org.openqa.selenium.remote.ErrorHandler.throwIfResponseFailed(ErrorHandler.java:167)
	at org.openqa.selenium.remote.http.JsonHttpResponseCodec.reconstructValue(JsonHttpResponseCodec.java:40)
	at org.openqa.selenium.remote.http.AbstractHttpResponseCodec.decode(AbstractHttpResponseCodec.java:82)
	at org.openqa.selenium.remote.http.AbstractHttpResponseCodec.decode(AbstractHttpResponseCodec.java:45)
	at org.openqa.selenium.remote.HttpCommandExecutor.execute(HttpCommandExecutor.java:164)
	at org.openqa.selenium.remote.service.DriverCommandExecutor.execute(DriverCommandExecutor.java:82)
	at org.openqa.selenium.remote.RemoteWebDriver.execute(RemoteWebDriver.java:646)
	at org.openqa.selenium.remote.RemoteWebDriver.findElement(RemoteWebDriver.java:416)
	at org.openqa.selenium.remote.RemoteWebDriver.findElementByXPath(RemoteWebDriver.java:518)
	at org.openqa.selenium.By$ByXPath.findElement(By.java:361)
	at org.openqa.selenium.remote.RemoteWebDriver.findElement(RemoteWebDriver.java:408)
	at com.automation.pages.PostsPage.selectPostsByTitle(PostsPage.java:56)
	at com.automation.testcases.PostsPageTest.selectMultiplePostsTest(PostsPageTest.java:62)
... Removed 29 stack frames]]>
    </failure>
  </testcase> <!-- selectMultiplePostsTest -->
</testsuite> <!-- Free CRM App Test Cases -->
